INFO	?	main	2016-11-16T22:04:34.562Z	org.javacs.Main#connectToNode	Connected to parent using socket on port 55282
INFO	?	main	2016-11-16T22:04:36.430Z	org.javacs.JavaLanguageServer#doLint	Lint [c:\Users\donncha\Google Drive\Work\DIT\Year 4\Distributed Systems\Assignment\AuctionServer.java]
SEVERE	?	main	2016-11-16T22:48:15.358Z	org.javacs.Main$4#onError	Can't find configuration file for c:\Users\donncha\Google Drive\Work\DIT\Year 4\Distributed Systems\Assignment\AuctionServer.java
org.javacs.NoJavaConfigException: Can't find configuration file for c:\Users\donncha\Google Drive\Work\DIT\Year 4\Distributed Systems\Assignment\AuctionServer.java
	at org.javacs.JavaLanguageServer.lambda$findCompiler$21(JavaLanguageServer.java:479)
	at java.util.Optional.orElseThrow(Optional.java:290)
	at org.javacs.JavaLanguageServer.findCompiler(JavaLanguageServer.java:479)
	at org.javacs.JavaLanguageServer.findTree(JavaLanguageServer.java:809)
	at org.javacs.JavaLanguageServer.lambda$doHover$34(JavaLanguageServer.java:983)
	at java.util.Optional.ifPresent(Optional.java:159)
	at org.javacs.JavaLanguageServer.doHover(JavaLanguageServer.java:982)
	at org.javacs.JavaLanguageServer.access$000(JavaLanguageServer.java:31)
	at org.javacs.JavaLanguageServer$1.hover(JavaLanguageServer.java:118)
	at io.typefox.lsapi.services.transport.server.LanguageServerEndpoint._doAccept(LanguageServerEndpoint.xtend:130)
	at io.typefox.lsapi.services.transport.server.LanguageServerEndpoint.doAccept(LanguageServerEndpoint.xtend:117)
	at io.typefox.lsapi.services.transport.server.LanguageServerEndpoint.accept(LanguageServerEndpoint.xtend:114)
	at io.typefox.lsapi.services.transport.server.LanguageServerEndpoint.accept(LanguageServerEndpoint.xtend)
	at io.typefox.lsapi.services.transport.AbstractLanguageEndpoint.handleMessage(LanguageEndpoint.xtend:67)
	at io.typefox.lsapi.services.transport.AbstractLanguageEndpoint.lambda$connect$4(LanguageEndpoint.xtend:61)
	at io.typefox.lsapi.services.json.StreamMessageReader$1.apply(StreamMessageReader.java:46)
	at io.typefox.lsapi.services.json.StreamMessageReader$1.apply(StreamMessageReader.java:44)
	at io.typefox.lsapi.services.json.StreamMessageReader.handleMessage(StreamMessageReader.xtend:128)
	at io.typefox.lsapi.services.json.StreamMessageReader.listen(StreamMessageReader.xtend:61)
	at io.typefox.lsapi.services.transport.AbstractLanguageEndpoint.connect(LanguageEndpoint.xtend:60)
	at org.javacs.Main.run(Main.java:150)
	at org.javacs.Main.main(Main.java:69)

INFO	?	main	2016-11-17T01:10:40.830Z	org.javacs.JavaLanguageServer#doLint	Lint [c:\Users\donncha\Google Drive\Work\DIT\Year 4\Distributed Systems\Assignment\AuctionClient.java]
INFO	?	main	2016-11-17T01:10:46.578Z	org.javacs.JavaLanguageServer#doLint	Lint [c:\Users\donncha\Google Drive\Work\DIT\Year 4\Distributed Systems\Assignment\AuctionClient.java, c:\Users\donncha\Google Drive\Work\DIT\Year 4\Distributed Systems\Assignment\AuctionServer.java]
